[[36mbeginner_tutorials[0m] [1m[34m==>[0m '[1m/home/yasu-k2/work/2015-soft3/20151007/build/beginner_tutorials/build_env.sh /usr/bin/make cmake_check_build_system[0m' [30m[1min[0m '[1m/home/yasu-k2/work/2015-soft3/20151007/build/beginner_tutorials[0m'[0m
-- Using CATKIN_DEVEL_PREFIX: /home/yasu-k2/work/2015-soft3/20151007/devel
-- Using CMAKE_PREFIX_PATH: /home/yasu-k2/work/2015-soft3/20151007/devel;/opt/ros/indigo
-- This workspace overlays: /home/yasu-k2/work/2015-soft3/20151007/devel;/opt/ros/indigo
-- Using PYTHON_EXECUTABLE: /usr/bin/python
-- Using Debian Python package layout
-- Using empy: /usr/bin/empy
-- Using CATKIN_ENABLE_TESTING: ON
-- Call enable_testing()
-- Using CATKIN_TEST_RESULTS_DIR: /home/yasu-k2/work/2015-soft3/20151007/build/beginner_tutorials/test_results
-- Found gtest sources under '/usr/src/gtest': gtests will be built
-- Using Python nosetests: /usr/bin/nosetests-2.7
-- catkin 0.6.14
-- Using these message generators: gencpp;genlisp;genpy
-- Generating .msg files for action beginner_tutorials/DoDishes /home/yasu-k2/work/2015-soft3/20151007/src/beginner_tutorials/action/DoDishes.action
-- beginner_tutorials: 7 messages, 1 services
-- Configuring done
-- Generating done
-- Build files have been written to: /home/yasu-k2/work/2015-soft3/20151007/build/beginner_tutorials
[[36mbeginner_tutorials[0m] [32m<==[0m '[1m/home/yasu-k2/work/2015-soft3/20151007/build/beginner_tutorials/build_env.sh /usr/bin/make cmake_check_build_system[0m' finished with return code '[1m0[0m'[0m
[[36mbeginner_tutorials[0m] [1m[34m==>[0m '[1m/home/yasu-k2/work/2015-soft3/20151007/build/beginner_tutorials/build_env.sh /usr/bin/make --jobserver-fds=3,5 -j[0m' [30m[1min[0m '[1m/home/yasu-k2/work/2015-soft3/20151007/build/beginner_tutorials[0m'[0m
[  0%] Built target _beginner_tutorials_generate_messages_check_deps_DoDishesGoal
[  0%] Built target _beginner_tutorials_generate_messages_check_deps_DoDishesFeedback
[  0%] Built target _beginner_tutorials_generate_messages_check_deps_DoDishesAction
[  0%] Built target geometry_msgs_generate_messages_cpp
[  0%] Built target _beginner_tutorials_generate_messages_check_deps_DoDishesActionFeedback
[  0%] Built target actionlib_msgs_generate_messages_cpp
[  0%] Built target _beginner_tutorials_generate_messages_check_deps_AddTwoInts
[  0%] Built target _beginner_tutorials_generate_messages_check_deps_DoDishesResult
[  0%] Built target _beginner_tutorials_generate_messages_check_deps_DoDishesActionResult
[  0%] Built target _beginner_tutorials_generate_messages_check_deps_DoDishesActionGoal
[  0%] Built target geometry_msgs_generate_messages_lisp
[  0%] Built target actionlib_msgs_generate_messages_lisp
[  0%] Built target geometry_msgs_generate_messages_py
[  0%] Built target actionlib_msgs_generate_messages_py
[  3%] Built target listener
[  6%] Built target talker
[ 31%] Built target beginner_tutorials_generate_messages_cpp
[ 56%] Built target beginner_tutorials_generate_messages_lisp
[ 87%] Built target beginner_tutorials_generate_messages_py
[ 90%] Built target simple_action_client
[ 93%] Built target simple_action_server
[ 96%] Built target add_two_ints_client
[100%] Built target add_two_ints_server
[100%] Built target beginner_tutorials_generate_messages
[[36mbeginner_tutorials[0m] [32m<==[0m '[1m/home/yasu-k2/work/2015-soft3/20151007/build/beginner_tutorials/build_env.sh /usr/bin/make --jobserver-fds=3,5 -j[0m' finished with return code '[1m0[0m'[0m
